# JRE version: Java(TM) SE Runtime Environment (8.0_211-b12) (build 1.8.0_211-b12)
# Java VM: Java HotSpot(TM) 64-Bit Server VM (25.211-b12 mixed mode windows-amd64 compressed oops)
Heap:
 PSYoungGen      total 104960K, used 32419K [0x00000000f5580000, 0x00000000ffd00000, 0x0000000100000000)
  eden space 91136K, 20% used [0x00000000f5580000,0x00000000f67ae4d0,0x00000000fae80000)
  from space 13824K, 99% used [0x00000000fbe80000,0x00000000fcbfa768,0x00000000fcc00000)
  to   space 16384K, 0% used [0x00000000fae80000,0x00000000fae80000,0x00000000fbe80000)
 ParOldGen       total 175104K, used 21340K [0x00000000e0000000, 0x00000000eab00000, 0x00000000f5580000)
  object space 175104K, 12% used [0x00000000e0000000,0x00000000e14d71f0,0x00000000eab00000)
 Metaspace       used 48184K, capacity 49752K, committed 49920K, reserved 1091584K
  class space    used 6681K, capacity 7132K, committed 7168K, reserved 1048576K
GC Heap History (10 events):
Event: 14.772 GC heap before
{Heap before GC invocations=6 (full 1):
 PSYoungGen      total 76288K, used 74606K [0x00000000f5580000, 0x00000000fc400000, 0x0000000100000000)
  eden space 65536K, 100% used [0x00000000f5580000,0x00000000f9580000,0x00000000f9580000)
  from space 10752K, 84% used [0x00000000fa000000,0x00000000fa8dba18,0x00000000faa80000)
  to   space 10752K, 0% used [0x00000000f9580000,0x00000000f9580000,0x00000000fa000000)
 ParOldGen       total 175104K, used 11964K [0x00000000e0000000, 0x00000000eab00000, 0x00000000f5580000)
  object space 175104K, 6% used [0x00000000e0000000,0x00000000e0baf018,0x00000000eab00000)
 Metaspace       used 32315K, capacity 33110K, committed 33152K, reserved 1077248K
  class space    used 4475K, capacity 4719K, committed 4736K, reserved 1048576K
Event: 14.789 GC heap after
Heap after GC invocations=6 (full 1):
 PSYoungGen      total 76288K, used 10749K [0x00000000f5580000, 0x00000000fcc00000, 0x0000000100000000)
  eden space 65536K, 0% used [0x00000000f5580000,0x00000000f5580000,0x00000000f9580000)
  from space 10752K, 99% used [0x00000000f9580000,0x00000000f9fff488,0x00000000fa000000)
  to   space 13824K, 0% used [0x00000000fbe80000,0x00000000fbe80000,0x00000000fcc00000)
 ParOldGen       total 175104K, used 12680K [0x00000000e0000000, 0x00000000eab00000, 0x00000000f5580000)
  object space 175104K, 7% used [0x00000000e0000000,0x00000000e0c62100,0x00000000eab00000)
 Metaspace       used 32315K, capacity 33110K, committed 33152K, reserved 1077248K
  class space    used 4475K, capacity 4719K, committed 4736K, reserved 1048576K
}
Event: 15.573 GC heap before
{Heap before GC invocations=7 (full 1):
 PSYoungGen      total 76288K, used 57193K [0x00000000f5580000, 0x00000000fcc00000, 0x0000000100000000)
  eden space 65536K, 70% used [0x00000000f5580000,0x00000000f82dafc0,0x00000000f9580000)
  from space 10752K, 99% used [0x00000000f9580000,0x00000000f9fff488,0x00000000fa000000)
  to   space 13824K, 0% used [0x00000000fbe80000,0x00000000fbe80000,0x00000000fcc00000)
 ParOldGen       total 175104K, used 12680K [0x00000000e0000000, 0x00000000eab00000, 0x00000000f5580000)
  object space 175104K, 7% used [0x00000000e0000000,0x00000000e0c62100,0x00000000eab00000)
 Metaspace       used 34547K, capacity 35318K, committed 35456K, reserved 1079296K
  class space    used 4848K, capacity 5135K, committed 5248K, reserved 1048576K
Event: 15.597 GC heap after
Heap after GC invocations=7 (full 1):
 PSYoungGen      total 107008K, used 11353K [0x00000000f5580000, 0x00000000fd600000, 0x0000000100000000)
  eden space 93184K, 0% used [0x00000000f5580000,0x00000000f5580000,0x00000000fb080000)
  from space 13824K, 82% used [0x00000000fbe80000,0x00000000fc996728,0x00000000fcc00000)
  to   space 14336K, 0% used [0x00000000fb080000,0x00000000fb080000,0x00000000fbe80000)
 ParOldGen       total 175104K, used 12688K [0x00000000e0000000, 0x00000000eab00000, 0x00000000f5580000)
  object space 175104K, 7% used [0x00000000e0000000,0x00000000e0c64100,0x00000000eab00000)
 Metaspace       used 34547K, capacity 35318K, committed 35456K, reserved 1079296K
  class space    used 4848K, capacity 5135K, committed 5248K, reserved 1048576K
}
Event: 15.597 GC heap before
{Heap before GC invocations=8 (full 2):
 PSYoungGen      total 107008K, used 11353K [0x00000000f5580000, 0x00000000fd600000, 0x0000000100000000)
  eden space 93184K, 0% used [0x00000000f5580000,0x00000000f5580000,0x00000000fb080000)
  from space 13824K, 82% used [0x00000000fbe80000,0x00000000fc996728,0x00000000fcc00000)
  to   space 14336K, 0% used [0x00000000fb080000,0x00000000fb080000,0x00000000fbe80000)
 ParOldGen       total 175104K, used 12688K [0x00000000e0000000, 0x00000000eab00000, 0x00000000f5580000)
  object space 175104K, 7% used [0x00000000e0000000,0x00000000e0c64100,0x00000000eab00000)
 Metaspace       used 34547K, capacity 35318K, committed 35456K, reserved 1079296K
  class space    used 4848K, capacity 5135K, committed 5248K, reserved 1048576K
Event: 15.746 GC heap after
Heap after GC invocations=8 (full 2):
 PSYoungGen      total 107008K, used 0K [0x00000000f5580000, 0x00000000fd600000, 0x0000000100000000)
  eden space 93184K, 0% used [0x00000000f5580000,0x00000000f5580000,0x00000000fb080000)
  from space 13824K, 0% used [0x00000000fbe80000,0x00000000fbe80000,0x00000000fcc00000)
  to   space 14336K, 0% used [0x00000000fb080000,0x00000000fb080000,0x00000000fbe80000)
 ParOldGen       total 175104K, used 19048K [0x00000000e0000000, 0x00000000eab00000, 0x00000000f5580000)
  object space 175104K, 10% used [0x00000000e0000000,0x00000000e129a260,0x00000000eab00000)
 Metaspace       used 34547K, capacity 35318K, committed 35456K, reserved 1079296K
  class space    used 4848K, capacity 5135K, committed 5248K, reserved 1048576K
}
Event: 18.769 GC heap before
{Heap before GC invocations=9 (full 2):
 PSYoungGen      total 107008K, used 93184K [0x00000000f5580000, 0x00000000fd600000, 0x0000000100000000)
  eden space 93184K, 100% used [0x00000000f5580000,0x00000000fb080000,0x00000000fb080000)
  from space 13824K, 0% used [0x00000000fbe80000,0x00000000fbe80000,0x00000000fcc00000)
  to   space 14336K, 0% used [0x00000000fb080000,0x00000000fb080000,0x00000000fbe80000)
 ParOldGen       total 175104K, used 19048K [0x00000000e0000000, 0x00000000eab00000, 0x00000000f5580000)
  object space 175104K, 10% used [0x00000000e0000000,0x00000000e129a260,0x00000000eab00000)
 Metaspace       used 42774K, capacity 44068K, committed 44288K, reserved 1087488K
  class space    used 5927K, capacity 6308K, committed 6400K, reserved 1048576K
Event: 18.785 GC heap after
Heap after GC invocations=9 (full 2):
 PSYoungGen      total 107520K, used 11080K [0x00000000f5580000, 0x00000000fd600000, 0x0000000100000000)
  eden space 93184K, 0% used [0x00000000f5580000,0x00000000f5580000,0x00000000fb080000)
  from space 14336K, 77% used [0x00000000fb080000,0x00000000fbb52108,0x00000000fbe80000)
  to   space 13824K, 0% used [0x00000000fbe80000,0x00000000fbe80000,0x00000000fcc00000)
 ParOldGen       total 175104K, used 19056K [0x00000000e0000000, 0x00000000eab00000, 0x00000000f5580000)
  object space 175104K, 10% used [0x00000000e0000000,0x00000000e129c260,0x00000000eab00000)
 Metaspace       used 42774K, capacity 44068K, committed 44288K, reserved 1087488K
  class space    used 5927K, capacity 6308K, committed 6400K, reserved 1048576K
}
Event: 21.619 GC heap before
{Heap before GC invocations=10 (full 2):
 PSYoungGen      total 107520K, used 104264K [0x00000000f5580000, 0x00000000fd600000, 0x0000000100000000)
  eden space 93184K, 100% used [0x00000000f5580000,0x00000000fb080000,0x00000000fb080000)
  from space 14336K, 77% used [0x00000000fb080000,0x00000000fbb52108,0x00000000fbe80000)
  to   space 13824K, 0% used [0x00000000fbe80000,0x00000000fbe80000,0x00000000fcc00000)
 ParOldGen       total 175104K, used 19056K [0x00000000e0000000, 0x00000000eab00000, 0x00000000f5580000)
  object space 175104K, 10% used [0x00000000e0000000,0x00000000e129c260,0x00000000eab00000)
 Metaspace       used 47701K, capacity 49302K, committed 49664K, reserved 1091584K
  class space    used 6589K, capacity 7054K, committed 7168K, reserved 1048576K
Event: 21.669 GC heap after
Heap after GC invocations=10 (full 2):
 PSYoungGen      total 104960K, used 13801K [0x00000000f5580000, 0x00000000ffd00000, 0x0000000100000000)
  eden space 91136K, 0% used [0x00000000f5580000,0x00000000f5580000,0x00000000fae80000)
  from space 13824K, 99% used [0x00000000fbe80000,0x00000000fcbfa768,0x00000000fcc00000)
  to   space 16384K, 0% used [0x00000000fae80000,0x00000000fae80000,0x00000000fbe80000)
 ParOldGen       total 175104K, used 21340K [0x00000000e0000000, 0x00000000eab00000, 0x00000000f5580000)
  object space 175104K, 12% used [0x00000000e0000000,0x00000000e14d71f0,0x00000000eab00000)
 Metaspace       used 47701K, capacity 49302K, committed 49664K, reserved 1091584K
  class space    used 6589K, capacity 7054K, committed 7168K, reserved 1048576K
}

